---------------------------------------------------------------
[ 2021-03-07T02:15:46+08:00 ] 66.249.73.254 GET dsn.shalage.top/index/index/info?city=1
[运行时间：0.023419s] [吞吐率：42.70req/s] [内存消耗：2,963.22kb] [文件加载：126]
[ info ] [ BEHAVIOR ] Run Closure @app_init [ RunTime:0.000011s ]
[ info ] [ CACHE ] INIT File
[ info ] [ BEHAVIOR ] Run Closure @app_init [ RunTime:0.000757s ]
[ info ] [ LANG ] /www/wwwroot/dsn.shalage.top/thinkphp/lang/zh-cn.php
[ info ] [ BEHAVIOR ] Run app\common\behavior\Common @app_dispatch [ RunTime:0.000183s ]
[ info ] [ ROUTE ] array (
  'type' => 'module',
  'module' => 
  array (
    0 => 'index',
    1 => 'index',
    2 => 'info',
  ),
)
[ info ] [ HEADER ] array (
  'accept-encoding' => 'gzip,deflate,br',
  'user-agent' => 'Mozilla/5.0 (Linux; Android 6.0.1; Nexus 5X Build/MMB29P) AppleWebKit/537.36 (KHTML, like Gecko) Chrome/89.0.4389.82 Mobile Safari/537.36 (compatible; Googlebot/2.1; +http://www.google.com/bot.html)',
  'from' => 'googlebot(at)googlebot.com',
  'accept' => 'text/html,application/xhtml+xml,application/signed-exchange;v=b3,application/xml;q=0.9,*/*;q=0.8',
  'connection' => 'keep-alive',
  'amp-cache-transform' => 'google;v="1..5"',
  'host' => 'dsn.shalage.top',
  'content-length' => '',
  'content-type' => '',
)
[ info ] [ PARAM ] array (
  'city' => '1',
)
[ info ] [ LANG ] /www/wwwroot/dsn.shalage.top/public/../application/index/lang/zh-cn.php
[ info ] [ BEHAVIOR ] Run app\common\behavior\Common @module_init [ RunTime:0.001092s ]
[ info ] [ LANG ] /www/wwwroot/dsn.shalage.top/public/../application/index/lang/zh-cn/index.php
[ info ] [ LOG ] INIT File
