---------------------------------------------------------------
[ 2021-03-26T10:06:21+08:00 ] 124.78.72.119 GET dsn.shalage.top/favicon.ico
[运行时间：0.017094s] [吞吐率：58.50req/s] [内存消耗：2,360.59kb] [文件加载：117]
[ info ] [ BEHAVIOR ] Run Closure @app_init [ RunTime:0.000011s ]
[ info ] [ CACHE ] INIT File
[ info ] [ BEHAVIOR ] Run \addons\epay\Epay @app_init [ RunTime:0.001513s ]
[ info ] [ BEHAVIOR ] Run Closure @app_init [ RunTime:0.001521s ]
[ info ] [ LANG ] /www/wwwroot/dsn.shalage.top/thinkphp/lang/zh-cn.php
[ info ] [ BEHAVIOR ] Run app\common\behavior\Common @app_dispatch [ RunTime:0.000132s ]
[ info ] [ ROUTE ] array (
  'type' => 'module',
  'module' => 
  array (
    0 => 'favicon.ico',
    1 => NULL,
    2 => NULL,
  ),
)
[ info ] [ HEADER ] array (
  'accept-language' => 'zh-CN,zh;q=0.9',
  'accept-encoding' => 'gzip, deflate, br',
  'user-agent' => 'Mozilla/5.0 (Windows NT 6.1; WOW64) AppleWebKit/537.36 (KHTML, like Gecko) Chrome/78.0.3904.108 Safari/537.36',
  'sec-fetch-mode' => 'no-cors',
  'sec-fetch-site' => 'none',
  'host' => 'dsn.shalage.top',
  'content-length' => '',
  'content-type' => '',
)
[ info ] [ PARAM ] array (
)
[ info ] [ LOG ] INIT File
---------------------------------------------------------------
[ 2021-03-26T12:07:32+08:00 ] 116.178.233.173 POST dsn.shalage.top//api/index/index
[运行时间：0.025286s] [吞吐率：39.55req/s] [内存消耗：3,906.86kb] [文件加载：128]
[ info ] [ BEHAVIOR ] Run Closure @app_init [ RunTime:0.000011s ]
[ info ] [ CACHE ] INIT File
[ info ] [ BEHAVIOR ] Run \addons\epay\Epay @app_init [ RunTime:0.001529s ]
[ info ] [ BEHAVIOR ] Run Closure @app_init [ RunTime:0.001538s ]
[ info ] [ LANG ] /www/wwwroot/dsn.shalage.top/thinkphp/lang/zh-cn.php
[ info ] [ BEHAVIOR ] Run app\common\behavior\Common @app_dispatch [ RunTime:0.000135s ]
[ info ] [ ROUTE ] array (
  'type' => 'module',
  'module' => 
  array (
    0 => 'api',
    1 => 'index',
    2 => 'index',
  ),
)
[ info ] [ HEADER ] array (
  'accept-encoding' => 'br, gzip, deflate',
  'referer' => 'https://servicewechat.com/wxa3704686d395d189/0/page-frame.html',
  'user-agent' => 'Mozilla/5.0 (iPhone; CPU iPhone OS 12_4_2 like Mac OS X) AppleWebKit/605.1.15 (KHTML, like Gecko) Mobile/15E148 MicroMessenger/8.0.2(0x18000238) NetType/3G Language/zh_CN',
  'accept-language' => 'zh-cn',
  'content-length' => '2',
  'content-type' => 'application/json',
  'accept' => '*/*',
  'host' => 'dsn.shalage.top',
)
[ info ] [ PARAM ] array (
)
[ info ] [ LANG ] /www/wwwroot/dsn.shalage.top/public/../application/api/lang/zh-cn.php
[ info ] [ BEHAVIOR ] Run app\common\behavior\Common @module_init [ RunTime:0.000804s ]
[ info ] [ RUN ] app\api\controller\Index->index[ /www/wwwroot/dsn.shalage.top/application/api/controller/Index.php ]
[ info ] [ DB ] INIT mysql
[ info ] [ LOG ] INIT File
---------------------------------------------------------------
[ 2021-03-26T12:07:34+08:00 ] 116.178.233.173 POST dsn.shalage.top/api/index/login
[运行时间：0.158767s] [吞吐率：6.30req/s] [内存消耗：3,928.38kb] [文件加载：129]
[ info ] [ BEHAVIOR ] Run Closure @app_init [ RunTime:0.000011s ]
[ info ] [ CACHE ] INIT File
[ info ] [ BEHAVIOR ] Run \addons\epay\Epay @app_init [ RunTime:0.001569s ]
[ info ] [ BEHAVIOR ] Run Closure @app_init [ RunTime:0.001577s ]
[ info ] [ LANG ] /www/wwwroot/dsn.shalage.top/thinkphp/lang/zh-cn.php
[ info ] [ BEHAVIOR ] Run app\common\behavior\Common @app_dispatch [ RunTime:0.000132s ]
[ info ] [ ROUTE ] array (
  'type' => 'module',
  'module' => 
  array (
    0 => 'api',
    1 => 'index',
    2 => 'login',
  ),
)
[ info ] [ HEADER ] array (
  'accept-encoding' => 'br, gzip, deflate',
  'referer' => 'https://servicewechat.com/wxa3704686d395d189/0/page-frame.html',
  'user-agent' => 'Mozilla/5.0 (iPhone; CPU iPhone OS 12_4_2 like Mac OS X) AppleWebKit/605.1.15 (KHTML, like Gecko) Mobile/15E148 MicroMessenger/8.0.2(0x18000238) NetType/3G Language/zh_CN',
  'accept-language' => 'zh-cn',
  'content-length' => '231',
  'content-type' => 'application/json',
  'accept' => '*/*',
  'host' => 'dsn.shalage.top',
)
[ info ] [ PARAM ] array (
  'nickname' => '-',
  'avatar' => 'https://thirdwx.qlogo.cn/mmopen/vi_32/DYAIOgq83ep5PaLtgLhcgUu2icuUJtEfCpQ7ETqpSYHGwjDhd62pER2naQXXsXhCCUEfwTiaibxDkTOgTXibVgtqTA/132',
  'gender' => 1,
  'code' => '031YjXkl2a30K64tF0ll2FFdl42YjXkS',
  'ids' => 'undefined',
)
[ info ] [ LANG ] /www/wwwroot/dsn.shalage.top/public/../application/api/lang/zh-cn.php
[ info ] [ BEHAVIOR ] Run app\common\behavior\Common @module_init [ RunTime:0.000811s ]
[ info ] [ RUN ] app\api\controller\Index->login[ /www/wwwroot/dsn.shalage.top/application/api/controller/Index.php ]
[ info ] [ DB ] INIT mysql
[ info ] [ LOG ] INIT File
---------------------------------------------------------------
[ 2021-03-26T14:53:25+08:00 ] 36.23.197.141 POST dsn.shalage.top//api/index/jieguo
[运行时间：0.026292s] [吞吐率：38.03req/s] [内存消耗：3,990.74kb] [文件加载：128]
[ info ] [ BEHAVIOR ] Run Closure @app_init [ RunTime:0.000010s ]
[ info ] [ CACHE ] INIT File
[ info ] [ BEHAVIOR ] Run \addons\epay\Epay @app_init [ RunTime:0.001539s ]
[ info ] [ BEHAVIOR ] Run Closure @app_init [ RunTime:0.001548s ]
[ info ] [ LANG ] /www/wwwroot/dsn.shalage.top/thinkphp/lang/zh-cn.php
[ info ] [ BEHAVIOR ] Run app\common\behavior\Common @app_dispatch [ RunTime:0.000158s ]
[ info ] [ ROUTE ] array (
  'type' => 'module',
  'module' => 
  array (
    0 => 'api',
    1 => 'index',
    2 => 'jieguo',
  ),
)
[ info ] [ HEADER ] array (
  'accept-encoding' => 'gzip, deflate, br',
  'referer' => 'https://servicewechat.com/wxa3704686d395d189/1/page-frame.html',
  'user-agent' => 'Mozilla/5.0 (iPhone; CPU iPhone OS 14_4 like Mac OS X) AppleWebKit/605.1.15 (KHTML, like Gecko) Mobile/15E148 MicroMessenger/8.0.2(0x18000238) NetType/4G Language/zh_CN',
  'accept-language' => 'zh-cn',
  'content-length' => '2',
  'content-type' => 'application/json',
  'accept' => '*/*',
  'host' => 'dsn.shalage.top',
)
[ info ] [ PARAM ] array (
)
[ info ] [ LANG ] /www/wwwroot/dsn.shalage.top/public/../application/api/lang/zh-cn.php
[ info ] [ BEHAVIOR ] Run app\common\behavior\Common @module_init [ RunTime:0.000895s ]
[ info ] [ RUN ] app\api\controller\Index->jieguo[ /www/wwwroot/dsn.shalage.top/application/api/controller/Index.php ]
[ info ] [ DB ] INIT mysql
[ info ] [ LOG ] INIT File
---------------------------------------------------------------
[ 2021-03-26T06:53:31+00:00 ] 36.23.197.141 GET dsn.shalage.top//api/personal/getInfo?member_id=undefined
[运行时间：0.026070s] [吞吐率：38.36req/s] [内存消耗：3,991.02kb] [文件加载：135]
[ info ] [ BEHAVIOR ] Run Closure @app_init [ RunTime:0.000011s ]
[ info ] [ CACHE ] INIT File
[ info ] [ BEHAVIOR ] Run \addons\epay\Epay @app_init [ RunTime:0.001537s ]
[ info ] [ BEHAVIOR ] Run Closure @app_init [ RunTime:0.001546s ]
[ info ] [ LANG ] /www/wwwroot/dsn.shalage.top/thinkphp/lang/zh-cn.php
[ info ] [ BEHAVIOR ] Run app\common\behavior\Common @app_dispatch [ RunTime:0.000129s ]
[ info ] [ ROUTE ] array (
  'type' => 'module',
  'module' => 
  array (
    0 => 'api',
    1 => 'personal',
    2 => 'getInfo',
  ),
)
[ info ] [ HEADER ] array (
  'accept-language' => 'zh-cn',
  'referer' => 'https://servicewechat.com/wxa3704686d395d189/1/page-frame.html',
  'user-agent' => 'Mozilla/5.0 (iPhone; CPU iPhone OS 14_4 like Mac OS X) AppleWebKit/605.1.15 (KHTML, like Gecko) Mobile/15E148 MicroMessenger/8.0.2(0x18000238) NetType/4G Language/zh_CN',
  'accept-encoding' => 'gzip, deflate, br',
  'content-type' => 'application/json',
  'accept' => '*/*',
  'host' => 'dsn.shalage.top',
  'content-length' => '',
)
[ info ] [ PARAM ] array (
  'member_id' => 'undefined',
)
[ info ] [ LANG ] /www/wwwroot/dsn.shalage.top/public/../application/api/lang/zh-cn.php
[ info ] [ BEHAVIOR ] Run app\common\behavior\Common @module_init [ RunTime:0.000839s ]
[ info ] [ RUN ] app\api\controller\personal->getInfo[ /www/wwwroot/dsn.shalage.top/application/api/controller/Personal.php ]
[ info ] [ DB ] INIT mysql
[ info ] [ LOG ] INIT File
---------------------------------------------------------------
[ 2021-03-26T08:39:34+00:00 ] 42.120.102.175 GET dsn.shalage.top//api/personal/getInfo?member_id=undefined
[运行时间：0.026489s] [吞吐率：37.75req/s] [内存消耗：3,992.20kb] [文件加载：135]
[ info ] [ BEHAVIOR ] Run Closure @app_init [ RunTime:0.000011s ]
[ info ] [ CACHE ] INIT File
[ info ] [ BEHAVIOR ] Run \addons\epay\Epay @app_init [ RunTime:0.001519s ]
[ info ] [ BEHAVIOR ] Run Closure @app_init [ RunTime:0.001530s ]
[ info ] [ LANG ] /www/wwwroot/dsn.shalage.top/thinkphp/lang/zh-cn.php
[ info ] [ BEHAVIOR ] Run app\common\behavior\Common @app_dispatch [ RunTime:0.000133s ]
[ info ] [ ROUTE ] array (
  'type' => 'module',
  'module' => 
  array (
    0 => 'api',
    1 => 'personal',
    2 => 'getInfo',
  ),
)
[ info ] [ HEADER ] array (
  'referer' => 'https://servicewechat.com/wxa3704686d395d189/1/page-frame.html',
  'accept-encoding' => 'gzip,compress,br,deflate',
  'content-type' => 'application/json',
  'user-agent' => 'Mozilla/5.0 (Linux; Android 10; KKG-AN00 Build/HONORKKG-AN00; wv) AppleWebKit/537.36 (KHTML, like Gecko) Version/4.0 Chrome/78.0.3904.62 XWEB/2767 MMWEBSDK/201201 Mobile Safari/537.36 MMWEBID/4118 MicroMessenger/8.0.1.1841(0x2800015D) Process/appbrand0 WeChat/arm64 Weixin NetType/WIFI Language/zh_CN ABI/arm64 MiniProgramEnv/android',
  'charset' => 'utf-8',
  'connection' => 'keep-alive',
  'host' => 'dsn.shalage.top',
  'content-length' => '',
)
[ info ] [ PARAM ] array (
  'member_id' => 'undefined',
)
[ info ] [ LANG ] /www/wwwroot/dsn.shalage.top/public/../application/api/lang/zh-cn.php
[ info ] [ BEHAVIOR ] Run app\common\behavior\Common @module_init [ RunTime:0.000941s ]
[ info ] [ RUN ] app\api\controller\personal->getInfo[ /www/wwwroot/dsn.shalage.top/application/api/controller/Personal.php ]
[ info ] [ DB ] INIT mysql
[ info ] [ LOG ] INIT File
---------------------------------------------------------------
[ 2021-03-26T16:39:38+08:00 ] 42.120.102.175 POST dsn.shalage.top/api/index/login
[运行时间：0.164987s] [吞吐率：6.06req/s] [内存消耗：3,887.70kb] [文件加载：128]
[ info ] [ BEHAVIOR ] Run Closure @app_init [ RunTime:0.000011s ]
[ info ] [ CACHE ] INIT File
[ info ] [ BEHAVIOR ] Run \addons\epay\Epay @app_init [ RunTime:0.001493s ]
[ info ] [ BEHAVIOR ] Run Closure @app_init [ RunTime:0.001502s ]
[ info ] [ LANG ] /www/wwwroot/dsn.shalage.top/thinkphp/lang/zh-cn.php
[ info ] [ BEHAVIOR ] Run app\common\behavior\Common @app_dispatch [ RunTime:0.000155s ]
[ info ] [ ROUTE ] array (
  'type' => 'module',
  'module' => 
  array (
    0 => 'api',
    1 => 'index',
    2 => 'login',
  ),
)
[ info ] [ HEADER ] array (
  'referer' => 'https://servicewechat.com/wxa3704686d395d189/1/page-frame.html',
  'accept-encoding' => 'gzip,compress,br,deflate',
  'content-type' => 'application/json',
  'user-agent' => 'Mozilla/5.0 (Linux; Android 10; KKG-AN00 Build/HONORKKG-AN00; wv) AppleWebKit/537.36 (KHTML, like Gecko) Version/4.0 Chrome/78.0.3904.62 XWEB/2767 MMWEBSDK/201201 Mobile Safari/537.36 MMWEBID/4118 MicroMessenger/8.0.1.1841(0x2800015D) Process/appbrand0 WeChat/arm64 Weixin NetType/WIFI Language/zh_CN ABI/arm64 MiniProgramEnv/android',
  'charset' => 'utf-8',
  'content-length' => '228',
  'connection' => 'keep-alive',
  'host' => 'dsn.shalage.top',
)
[ info ] [ PARAM ] array (
  'nickname' => '瓦洛佳',
  'avatar' => 'https://thirdwx.qlogo.cn/mmopen/vi_32/Q0j4TwGTfTIs2r0zgqD67u7x6zIgaJBy1MvRjLmzgkf3frWJSBKKeQdTmjKLhJtk0IdNplbciaC3yia1n8RD6cPQ/132',
  'gender' => 1,
  'code' => '051y0Mll24sfJ64l1gll2SlDIV2y0Mlh',
  'ids' => '',
)
[ info ] [ LANG ] /www/wwwroot/dsn.shalage.top/public/../application/api/lang/zh-cn.php
[ info ] [ BEHAVIOR ] Run app\common\behavior\Common @module_init [ RunTime:0.000814s ]
[ info ] [ RUN ] app\api\controller\Index->login[ /www/wwwroot/dsn.shalage.top/application/api/controller/Index.php ]
[ info ] [ DB ] INIT mysql
[ info ] [ LOG ] INIT File
---------------------------------------------------------------
[ 2021-03-26T08:39:38+00:00 ] 42.120.102.175 GET dsn.shalage.top//api/personal/getInfo?member_id=82
[运行时间：0.027785s] [吞吐率：35.99req/s] [内存消耗：3,995.56kb] [文件加载：135]
[ info ] [ BEHAVIOR ] Run Closure @app_init [ RunTime:0.000012s ]
[ info ] [ CACHE ] INIT File
[ info ] [ BEHAVIOR ] Run \addons\epay\Epay @app_init [ RunTime:0.001496s ]
[ info ] [ BEHAVIOR ] Run Closure @app_init [ RunTime:0.001503s ]
[ info ] [ LANG ] /www/wwwroot/dsn.shalage.top/thinkphp/lang/zh-cn.php
[ info ] [ BEHAVIOR ] Run app\common\behavior\Common @app_dispatch [ RunTime:0.000138s ]
[ info ] [ ROUTE ] array (
  'type' => 'module',
  'module' => 
  array (
    0 => 'api',
    1 => 'personal',
    2 => 'getInfo',
  ),
)
[ info ] [ HEADER ] array (
  'referer' => 'https://servicewechat.com/wxa3704686d395d189/1/page-frame.html',
  'accept-encoding' => 'gzip,compress,br,deflate',
  'content-type' => 'application/json',
  'user-agent' => 'Mozilla/5.0 (Linux; Android 10; KKG-AN00 Build/HONORKKG-AN00; wv) AppleWebKit/537.36 (KHTML, like Gecko) Version/4.0 Chrome/78.0.3904.62 XWEB/2767 MMWEBSDK/201201 Mobile Safari/537.36 MMWEBID/4118 MicroMessenger/8.0.1.1841(0x2800015D) Process/appbrand0 WeChat/arm64 Weixin NetType/WIFI Language/zh_CN ABI/arm64 MiniProgramEnv/android',
  'charset' => 'utf-8',
  'connection' => 'keep-alive',
  'host' => 'dsn.shalage.top',
  'content-length' => '',
)
[ info ] [ PARAM ] array (
  'member_id' => '82',
)
[ info ] [ LANG ] /www/wwwroot/dsn.shalage.top/public/../application/api/lang/zh-cn.php
[ info ] [ BEHAVIOR ] Run app\common\behavior\Common @module_init [ RunTime:0.001089s ]
[ info ] [ RUN ] app\api\controller\personal->getInfo[ /www/wwwroot/dsn.shalage.top/application/api/controller/Personal.php ]
[ info ] [ DB ] INIT mysql
[ info ] [ LOG ] INIT File
---------------------------------------------------------------
[ 2021-03-26T16:39:43+08:00 ] 42.120.102.175 POST dsn.shalage.top//api/index/jieguo
[运行时间：0.029472s] [吞吐率：33.93req/s] [内存消耗：3,991.93kb] [文件加载：128]
[ info ] [ BEHAVIOR ] Run Closure @app_init [ RunTime:0.000012s ]
[ info ] [ CACHE ] INIT File
[ info ] [ BEHAVIOR ] Run \addons\epay\Epay @app_init [ RunTime:0.001995s ]
[ info ] [ BEHAVIOR ] Run Closure @app_init [ RunTime:0.002010s ]
[ info ] [ LANG ] /www/wwwroot/dsn.shalage.top/thinkphp/lang/zh-cn.php
[ info ] [ BEHAVIOR ] Run app\common\behavior\Common @app_dispatch [ RunTime:0.000139s ]
[ info ] [ ROUTE ] array (
  'type' => 'module',
  'module' => 
  array (
    0 => 'api',
    1 => 'index',
    2 => 'jieguo',
  ),
)
[ info ] [ HEADER ] array (
  'referer' => 'https://servicewechat.com/wxa3704686d395d189/1/page-frame.html',
  'accept-encoding' => 'gzip,compress,br,deflate',
  'content-type' => 'application/json',
  'user-agent' => 'Mozilla/5.0 (Linux; Android 10; KKG-AN00 Build/HONORKKG-AN00; wv) AppleWebKit/537.36 (KHTML, like Gecko) Version/4.0 Chrome/78.0.3904.62 XWEB/2767 MMWEBSDK/201201 Mobile Safari/537.36 MMWEBID/4118 MicroMessenger/8.0.1.1841(0x2800015D) Process/appbrand0 WeChat/arm64 Weixin NetType/WIFI Language/zh_CN ABI/arm64 MiniProgramEnv/android',
  'charset' => 'utf-8',
  'content-length' => '2',
  'connection' => 'keep-alive',
  'host' => 'dsn.shalage.top',
)
[ info ] [ PARAM ] array (
)
[ info ] [ LANG ] /www/wwwroot/dsn.shalage.top/public/../application/api/lang/zh-cn.php
[ info ] [ BEHAVIOR ] Run app\common\behavior\Common @module_init [ RunTime:0.000822s ]
[ info ] [ RUN ] app\api\controller\Index->jieguo[ /www/wwwroot/dsn.shalage.top/application/api/controller/Index.php ]
[ info ] [ DB ] INIT mysql
[ info ] [ LOG ] INIT File
---------------------------------------------------------------
[ 2021-03-26T08:40:02+00:00 ] 42.120.102.175 GET dsn.shalage.top//api/personal/getInfo?member_id=82
[运行时间：0.026031s] [吞吐率：38.42req/s] [内存消耗：3,995.56kb] [文件加载：135]
[ info ] [ BEHAVIOR ] Run Closure @app_init [ RunTime:0.000011s ]
[ info ] [ CACHE ] INIT File
[ info ] [ BEHAVIOR ] Run \addons\epay\Epay @app_init [ RunTime:0.001519s ]
[ info ] [ BEHAVIOR ] Run Closure @app_init [ RunTime:0.001527s ]
[ info ] [ LANG ] /www/wwwroot/dsn.shalage.top/thinkphp/lang/zh-cn.php
[ info ] [ BEHAVIOR ] Run app\common\behavior\Common @app_dispatch [ RunTime:0.000140s ]
[ info ] [ ROUTE ] array (
  'type' => 'module',
  'module' => 
  array (
    0 => 'api',
    1 => 'personal',
    2 => 'getInfo',
  ),
)
[ info ] [ HEADER ] array (
  'referer' => 'https://servicewechat.com/wxa3704686d395d189/1/page-frame.html',
  'accept-encoding' => 'gzip,compress,br,deflate',
  'content-type' => 'application/json',
  'user-agent' => 'Mozilla/5.0 (Linux; Android 10; KKG-AN00 Build/HONORKKG-AN00; wv) AppleWebKit/537.36 (KHTML, like Gecko) Version/4.0 Chrome/78.0.3904.62 XWEB/2767 MMWEBSDK/201201 Mobile Safari/537.36 MMWEBID/4118 MicroMessenger/8.0.1.1841(0x2800015D) Process/appbrand0 WeChat/arm64 Weixin NetType/WIFI Language/zh_CN ABI/arm64 MiniProgramEnv/android',
  'charset' => 'utf-8',
  'connection' => 'keep-alive',
  'host' => 'dsn.shalage.top',
  'content-length' => '',
)
[ info ] [ PARAM ] array (
  'member_id' => '82',
)
[ info ] [ LANG ] /www/wwwroot/dsn.shalage.top/public/../application/api/lang/zh-cn.php
[ info ] [ BEHAVIOR ] Run app\common\behavior\Common @module_init [ RunTime:0.000829s ]
[ info ] [ RUN ] app\api\controller\personal->getInfo[ /www/wwwroot/dsn.shalage.top/application/api/controller/Personal.php ]
[ info ] [ DB ] INIT mysql
[ info ] [ LOG ] INIT File
---------------------------------------------------------------
[ 2021-03-26T08:40:04+00:00 ] 42.120.102.175 GET dsn.shalage.top//api/personal/getInfo?member_id=82
[运行时间：0.028468s] [吞吐率：35.13req/s] [内存消耗：3,995.56kb] [文件加载：135]
[ info ] [ BEHAVIOR ] Run Closure @app_init [ RunTime:0.000011s ]
[ info ] [ CACHE ] INIT File
[ info ] [ BEHAVIOR ] Run \addons\epay\Epay @app_init [ RunTime:0.001558s ]
[ info ] [ BEHAVIOR ] Run Closure @app_init [ RunTime:0.001566s ]
[ info ] [ LANG ] /www/wwwroot/dsn.shalage.top/thinkphp/lang/zh-cn.php
[ info ] [ BEHAVIOR ] Run app\common\behavior\Common @app_dispatch [ RunTime:0.000129s ]
[ info ] [ ROUTE ] array (
  'type' => 'module',
  'module' => 
  array (
    0 => 'api',
    1 => 'personal',
    2 => 'getInfo',
  ),
)
[ info ] [ HEADER ] array (
  'referer' => 'https://servicewechat.com/wxa3704686d395d189/1/page-frame.html',
  'accept-encoding' => 'gzip,compress,br,deflate',
  'content-type' => 'application/json',
  'user-agent' => 'Mozilla/5.0 (Linux; Android 10; KKG-AN00 Build/HONORKKG-AN00; wv) AppleWebKit/537.36 (KHTML, like Gecko) Version/4.0 Chrome/78.0.3904.62 XWEB/2767 MMWEBSDK/201201 Mobile Safari/537.36 MMWEBID/4118 MicroMessenger/8.0.1.1841(0x2800015D) Process/appbrand0 WeChat/arm64 Weixin NetType/WIFI Language/zh_CN ABI/arm64 MiniProgramEnv/android',
  'charset' => 'utf-8',
  'connection' => 'keep-alive',
  'host' => 'dsn.shalage.top',
  'content-length' => '',
)
[ info ] [ PARAM ] array (
  'member_id' => '82',
)
[ info ] [ LANG ] /www/wwwroot/dsn.shalage.top/public/../application/api/lang/zh-cn.php
[ info ] [ BEHAVIOR ] Run app\common\behavior\Common @module_init [ RunTime:0.000811s ]
[ info ] [ RUN ] app\api\controller\personal->getInfo[ /www/wwwroot/dsn.shalage.top/application/api/controller/Personal.php ]
[ info ] [ DB ] INIT mysql
[ info ] [ LOG ] INIT File
---------------------------------------------------------------
[ 2021-03-26T08:40:14+00:00 ] 42.120.102.175 GET dsn.shalage.top//api/personal/verifyIdcardNameMobile?name=%E9%98%BF%E5%B8%83%E9%83%BD%E8%89%BE%E5%B0%BC%C2%B7%E9%98%BF%E9%87%8C%E7%94%AB&idcard=653124199502054617&mobile=13070440244
[运行时间：0.746952s] [吞吐率：1.34req/s] [内存消耗：3,057.27kb] [文件加载：128]
[ info ] [ BEHAVIOR ] Run Closure @app_init [ RunTime:0.000010s ]
[ info ] [ CACHE ] INIT File
[ info ] [ BEHAVIOR ] Run \addons\epay\Epay @app_init [ RunTime:0.001502s ]
[ info ] [ BEHAVIOR ] Run Closure @app_init [ RunTime:0.001510s ]
[ info ] [ LANG ] /www/wwwroot/dsn.shalage.top/thinkphp/lang/zh-cn.php
[ info ] [ BEHAVIOR ] Run app\common\behavior\Common @app_dispatch [ RunTime:0.000134s ]
[ info ] [ ROUTE ] array (
  'type' => 'module',
  'module' => 
  array (
    0 => 'api',
    1 => 'personal',
    2 => 'verifyIdcardNameMobile',
  ),
)
[ info ] [ HEADER ] array (
  'referer' => 'https://servicewechat.com/wxa3704686d395d189/1/page-frame.html',
  'accept-encoding' => 'gzip,compress,br,deflate',
  'content-type' => 'application/json',
  'user-agent' => 'Mozilla/5.0 (Linux; Android 10; KKG-AN00 Build/HONORKKG-AN00; wv) AppleWebKit/537.36 (KHTML, like Gecko) Version/4.0 Chrome/78.0.3904.62 XWEB/2767 MMWEBSDK/201201 Mobile Safari/537.36 MMWEBID/4118 MicroMessenger/8.0.1.1841(0x2800015D) Process/appbrand0 WeChat/arm64 Weixin NetType/WIFI Language/zh_CN ABI/arm64 MiniProgramEnv/android',
  'charset' => 'utf-8',
  'connection' => 'keep-alive',
  'host' => 'dsn.shalage.top',
  'content-length' => '',
)
[ info ] [ PARAM ] array (
  'name' => '阿布都艾尼·阿里甫',
  'idcard' => '653124199502054617',
  'mobile' => '13070440244',
)
[ info ] [ LANG ] /www/wwwroot/dsn.shalage.top/public/../application/api/lang/zh-cn.php
[ info ] [ BEHAVIOR ] Run app\common\behavior\Common @module_init [ RunTime:0.000798s ]
[ info ] [ RUN ] app\api\controller\personal->verifyIdcardNameMobile[ /www/wwwroot/dsn.shalage.top/application/api/controller/Personal.php ]
[ info ] [ LOG ] INIT File
---------------------------------------------------------------
[ 2021-03-26T08:40:14+00:00 ] 42.120.102.175 GET dsn.shalage.top//api/personal/credit?name=%E9%98%BF%E5%B8%83%E9%83%BD%E8%89%BE%E5%B0%BC%C2%B7%E9%98%BF%E9%87%8C%E7%94%AB&idcard=653124199502054617&mobile=13070440244&code=871063
[运行时间：0.020641s] [吞吐率：48.45req/s] [内存消耗：3,055.78kb] [文件加载：128]
[ info ] [ BEHAVIOR ] Run Closure @app_init [ RunTime:0.000010s ]
[ info ] [ CACHE ] INIT File
[ info ] [ BEHAVIOR ] Run \addons\epay\Epay @app_init [ RunTime:0.001513s ]
[ info ] [ BEHAVIOR ] Run Closure @app_init [ RunTime:0.001521s ]
[ info ] [ LANG ] /www/wwwroot/dsn.shalage.top/thinkphp/lang/zh-cn.php
[ info ] [ BEHAVIOR ] Run app\common\behavior\Common @app_dispatch [ RunTime:0.000156s ]
[ info ] [ ROUTE ] array (
  'type' => 'module',
  'module' => 
  array (
    0 => 'api',
    1 => 'personal',
    2 => 'credit',
  ),
)
[ info ] [ HEADER ] array (
  'referer' => 'https://servicewechat.com/wxa3704686d395d189/1/page-frame.html',
  'accept-encoding' => 'gzip,compress,br,deflate',
  'content-type' => 'application/json',
  'user-agent' => 'Mozilla/5.0 (Linux; Android 10; KKG-AN00 Build/HONORKKG-AN00; wv) AppleWebKit/537.36 (KHTML, like Gecko) Version/4.0 Chrome/78.0.3904.62 XWEB/2767 MMWEBSDK/201201 Mobile Safari/537.36 MMWEBID/4118 MicroMessenger/8.0.1.1841(0x2800015D) Process/appbrand0 WeChat/arm64 Weixin NetType/WIFI Language/zh_CN ABI/arm64 MiniProgramEnv/android',
  'charset' => 'utf-8',
  'connection' => 'keep-alive',
  'host' => 'dsn.shalage.top',
  'content-length' => '',
)
[ info ] [ PARAM ] array (
  'name' => '阿布都艾尼·阿里甫',
  'idcard' => '653124199502054617',
  'mobile' => '13070440244',
  'code' => '871063',
)
[ info ] [ LANG ] /www/wwwroot/dsn.shalage.top/public/../application/api/lang/zh-cn.php
[ info ] [ BEHAVIOR ] Run app\common\behavior\Common @module_init [ RunTime:0.000934s ]
[ info ] [ RUN ] app\api\controller\personal->credit[ /www/wwwroot/dsn.shalage.top/application/api/controller/Personal.php ]
[ info ] [ LOG ] INIT File
---------------------------------------------------------------
[ 2021-03-26T17:09:44+08:00 ] 36.17.75.93 POST dsn.shalage.top//api/index/jieguo
[运行时间：0.025696s] [吞吐率：38.92req/s] [内存消耗：3,990.87kb] [文件加载：128]
[ info ] [ BEHAVIOR ] Run Closure @app_init [ RunTime:0.000010s ]
[ info ] [ CACHE ] INIT File
[ info ] [ BEHAVIOR ] Run \addons\epay\Epay @app_init [ RunTime:0.001626s ]
[ info ] [ BEHAVIOR ] Run Closure @app_init [ RunTime:0.001635s ]
[ info ] [ LANG ] /www/wwwroot/dsn.shalage.top/thinkphp/lang/zh-cn.php
[ info ] [ BEHAVIOR ] Run app\common\behavior\Common @app_dispatch [ RunTime:0.000130s ]
[ info ] [ ROUTE ] array (
  'type' => 'module',
  'module' => 
  array (
    0 => 'api',
    1 => 'index',
    2 => 'jieguo',
  ),
)
[ info ] [ HEADER ] array (
  'accept-encoding' => 'gzip, deflate, br',
  'referer' => 'https://servicewechat.com/wxa3704686d395d189/1/page-frame.html',
  'user-agent' => 'Mozilla/5.0 (iPhone; CPU iPhone OS 14_0_1 like Mac OS X) AppleWebKit/605.1.15 (KHTML, like Gecko) Mobile/15E148 MicroMessenger/7.0.18(0x17001233) NetType/4G Language/zh_CN',
  'accept-language' => 'zh-cn',
  'content-length' => '2',
  'content-type' => 'application/json',
  'accept' => '*/*',
  'host' => 'dsn.shalage.top',
)
[ info ] [ PARAM ] array (
)
[ info ] [ LANG ] /www/wwwroot/dsn.shalage.top/public/../application/api/lang/zh-cn.php
[ info ] [ BEHAVIOR ] Run app\common\behavior\Common @module_init [ RunTime:0.000835s ]
[ info ] [ RUN ] app\api\controller\Index->jieguo[ /www/wwwroot/dsn.shalage.top/application/api/controller/Index.php ]
[ info ] [ DB ] INIT mysql
[ info ] [ LOG ] INIT File
---------------------------------------------------------------
[ 2021-03-26T11:03:44+00:00 ] 116.178.233.173 GET dsn.shalage.top//api/personal/getInfo?member_id=78
[运行时间：0.026102s] [吞吐率：38.31req/s] [内存消耗：3,997.63kb] [文件加载：135]
[ info ] [ BEHAVIOR ] Run Closure @app_init [ RunTime:0.000011s ]
[ info ] [ CACHE ] INIT File
[ info ] [ BEHAVIOR ] Run \addons\epay\Epay @app_init [ RunTime:0.001502s ]
[ info ] [ BEHAVIOR ] Run Closure @app_init [ RunTime:0.001511s ]
[ info ] [ LANG ] /www/wwwroot/dsn.shalage.top/thinkphp/lang/zh-cn.php
[ info ] [ BEHAVIOR ] Run app\common\behavior\Common @app_dispatch [ RunTime:0.000133s ]
[ info ] [ ROUTE ] array (
  'type' => 'module',
  'module' => 
  array (
    0 => 'api',
    1 => 'personal',
    2 => 'getInfo',
  ),
)
[ info ] [ HEADER ] array (
  'accept-encoding' => 'gzip, deflate, br',
  'referer' => 'https://servicewechat.com/wxa3704686d395d189/devtools/page-frame.html',
  'accept' => '*/*',
  'content-type' => 'application/json',
  'user-agent' => 'Mozilla/5.0 (iPhone; CPU iPhone OS 11_0 like Mac OS X) AppleWebKit/604.1.38 (KHTML, like Gecko) Version/11.0 Mobile/15A372 Safari/604.1 wechatdevtools/1.02.1911180 MicroMessenger/7.0.4 Language/zh_CN webview/',
  'sec-fetch-site' => 'cross-site',
  'sec-fetch-user' => '?F',
  'sec-fetch-dest' => 'empty',
  'cache-control' => 'no-cache',
  'pragma' => 'no-cache',
  'connection' => 'keep-alive',
  'host' => 'dsn.shalage.top',
  'content-length' => '',
)
[ info ] [ PARAM ] array (
  'member_id' => '78',
)
[ info ] [ LANG ] /www/wwwroot/dsn.shalage.top/public/../application/api/lang/zh-cn.php
[ info ] [ BEHAVIOR ] Run app\common\behavior\Common @module_init [ RunTime:0.000802s ]
[ info ] [ RUN ] app\api\controller\personal->getInfo[ /www/wwwroot/dsn.shalage.top/application/api/controller/Personal.php ]
[ info ] [ DB ] INIT mysql
[ info ] [ LOG ] INIT File
---------------------------------------------------------------
[ 2021-03-26T11:03:50+00:00 ] 116.178.233.173 GET dsn.shalage.top//api/personal/getInfo?member_id=78
[运行时间：0.026475s] [吞吐率：37.77req/s] [内存消耗：3,997.63kb] [文件加载：135]
[ info ] [ BEHAVIOR ] Run Closure @app_init [ RunTime:0.000011s ]
[ info ] [ CACHE ] INIT File
[ info ] [ BEHAVIOR ] Run \addons\epay\Epay @app_init [ RunTime:0.001561s ]
[ info ] [ BEHAVIOR ] Run Closure @app_init [ RunTime:0.001570s ]
[ info ] [ LANG ] /www/wwwroot/dsn.shalage.top/thinkphp/lang/zh-cn.php
[ info ] [ BEHAVIOR ] Run app\common\behavior\Common @app_dispatch [ RunTime:0.000129s ]
[ info ] [ ROUTE ] array (
  'type' => 'module',
  'module' => 
  array (
    0 => 'api',
    1 => 'personal',
    2 => 'getInfo',
  ),
)
[ info ] [ HEADER ] array (
  'accept-encoding' => 'gzip, deflate, br',
  'referer' => 'https://servicewechat.com/wxa3704686d395d189/devtools/page-frame.html',
  'accept' => '*/*',
  'content-type' => 'application/json',
  'user-agent' => 'Mozilla/5.0 (iPhone; CPU iPhone OS 11_0 like Mac OS X) AppleWebKit/604.1.38 (KHTML, like Gecko) Version/11.0 Mobile/15A372 Safari/604.1 wechatdevtools/1.02.1911180 MicroMessenger/7.0.4 Language/zh_CN webview/',
  'sec-fetch-site' => 'cross-site',
  'sec-fetch-user' => '?F',
  'sec-fetch-dest' => 'empty',
  'cache-control' => 'no-cache',
  'pragma' => 'no-cache',
  'connection' => 'keep-alive',
  'host' => 'dsn.shalage.top',
  'content-length' => '',
)
[ info ] [ PARAM ] array (
  'member_id' => '78',
)
[ info ] [ LANG ] /www/wwwroot/dsn.shalage.top/public/../application/api/lang/zh-cn.php
[ info ] [ BEHAVIOR ] Run app\common\behavior\Common @module_init [ RunTime:0.000790s ]
[ info ] [ RUN ] app\api\controller\personal->getInfo[ /www/wwwroot/dsn.shalage.top/application/api/controller/Personal.php ]
[ info ] [ DB ] INIT mysql
[ info ] [ LOG ] INIT File
---------------------------------------------------------------
[ 2021-03-26T11:05:25+00:00 ] 116.178.233.173 GET dsn.shalage.top//api/personal/getInfo?member_id=78
[运行时间：0.026812s] [吞吐率：37.30req/s] [内存消耗：3,997.63kb] [文件加载：135]
[ info ] [ BEHAVIOR ] Run Closure @app_init [ RunTime:0.000010s ]
[ info ] [ CACHE ] INIT File
[ info ] [ BEHAVIOR ] Run \addons\epay\Epay @app_init [ RunTime:0.001548s ]
[ info ] [ BEHAVIOR ] Run Closure @app_init [ RunTime:0.001557s ]
[ info ] [ LANG ] /www/wwwroot/dsn.shalage.top/thinkphp/lang/zh-cn.php
[ info ] [ BEHAVIOR ] Run app\common\behavior\Common @app_dispatch [ RunTime:0.000130s ]
[ info ] [ ROUTE ] array (
  'type' => 'module',
  'module' => 
  array (
    0 => 'api',
    1 => 'personal',
    2 => 'getInfo',
  ),
)
[ info ] [ HEADER ] array (
  'accept-encoding' => 'gzip, deflate, br',
  'referer' => 'https://servicewechat.com/wxa3704686d395d189/devtools/page-frame.html',
  'accept' => '*/*',
  'content-type' => 'application/json',
  'user-agent' => 'Mozilla/5.0 (iPhone; CPU iPhone OS 11_0 like Mac OS X) AppleWebKit/604.1.38 (KHTML, like Gecko) Version/11.0 Mobile/15A372 Safari/604.1 wechatdevtools/1.02.1911180 MicroMessenger/7.0.4 Language/zh_CN webview/',
  'sec-fetch-site' => 'cross-site',
  'sec-fetch-user' => '?F',
  'sec-fetch-dest' => 'empty',
  'cache-control' => 'no-cache',
  'pragma' => 'no-cache',
  'connection' => 'keep-alive',
  'host' => 'dsn.shalage.top',
  'content-length' => '',
)
[ info ] [ PARAM ] array (
  'member_id' => '78',
)
[ info ] [ LANG ] /www/wwwroot/dsn.shalage.top/public/../application/api/lang/zh-cn.php
[ info ] [ BEHAVIOR ] Run app\common\behavior\Common @module_init [ RunTime:0.001023s ]
[ info ] [ RUN ] app\api\controller\personal->getInfo[ /www/wwwroot/dsn.shalage.top/application/api/controller/Personal.php ]
[ info ] [ DB ] INIT mysql
[ info ] [ LOG ] INIT File
---------------------------------------------------------------
[ 2021-03-26T19:05:54+08:00 ] 116.178.233.173 POST dsn.shalage.top//api/index/jieguo
[运行时间：0.025100s] [吞吐率：39.84req/s] [内存消耗：3,994.42kb] [文件加载：128]
[ info ] [ BEHAVIOR ] Run Closure @app_init [ RunTime:0.000010s ]
[ info ] [ CACHE ] INIT File
[ info ] [ BEHAVIOR ] Run \addons\epay\Epay @app_init [ RunTime:0.001574s ]
[ info ] [ BEHAVIOR ] Run Closure @app_init [ RunTime:0.001582s ]
[ info ] [ LANG ] /www/wwwroot/dsn.shalage.top/thinkphp/lang/zh-cn.php
[ info ] [ BEHAVIOR ] Run app\common\behavior\Common @app_dispatch [ RunTime:0.000132s ]
[ info ] [ ROUTE ] array (
  'type' => 'module',
  'module' => 
  array (
    0 => 'api',
    1 => 'index',
    2 => 'jieguo',
  ),
)
[ info ] [ HEADER ] array (
  'accept-encoding' => 'gzip, deflate, br',
  'referer' => 'https://servicewechat.com/wxa3704686d395d189/devtools/page-frame.html',
  'accept' => '*/*',
  'content-type' => 'application/json',
  'user-agent' => 'Mozilla/5.0 (iPhone; CPU iPhone OS 11_0 like Mac OS X) AppleWebKit/604.1.38 (KHTML, like Gecko) Version/11.0 Mobile/15A372 Safari/604.1 wechatdevtools/1.02.1911180 MicroMessenger/7.0.4 Language/zh_CN webview/',
  'sec-fetch-dest' => 'empty',
  'sec-fetch-site' => 'cross-site',
  'sec-fetch-user' => '?F',
  'origin' => 'http://127.0.0.1:53940',
  'cache-control' => 'no-cache',
  'pragma' => 'no-cache',
  'content-length' => '2',
  'connection' => 'keep-alive',
  'host' => 'dsn.shalage.top',
)
[ info ] [ PARAM ] array (
)
[ info ] [ LANG ] /www/wwwroot/dsn.shalage.top/public/../application/api/lang/zh-cn.php
[ info ] [ BEHAVIOR ] Run app\common\behavior\Common @module_init [ RunTime:0.000824s ]
[ info ] [ RUN ] app\api\controller\Index->jieguo[ /www/wwwroot/dsn.shalage.top/application/api/controller/Index.php ]
[ info ] [ DB ] INIT mysql
[ info ] [ LOG ] INIT File
---------------------------------------------------------------
[ 2021-03-26T11:05:56+00:00 ] 116.178.233.173 GET dsn.shalage.top//api/personal/getInfo?member_id=78
[运行时间：0.026409s] [吞吐率：37.87req/s] [内存消耗：3,997.63kb] [文件加载：135]
[ info ] [ BEHAVIOR ] Run Closure @app_init [ RunTime:0.000012s ]
[ info ] [ CACHE ] INIT File
[ info ] [ BEHAVIOR ] Run \addons\epay\Epay @app_init [ RunTime:0.001651s ]
[ info ] [ BEHAVIOR ] Run Closure @app_init [ RunTime:0.001660s ]
[ info ] [ LANG ] /www/wwwroot/dsn.shalage.top/thinkphp/lang/zh-cn.php
[ info ] [ BEHAVIOR ] Run app\common\behavior\Common @app_dispatch [ RunTime:0.000131s ]
[ info ] [ ROUTE ] array (
  'type' => 'module',
  'module' => 
  array (
    0 => 'api',
    1 => 'personal',
    2 => 'getInfo',
  ),
)
[ info ] [ HEADER ] array (
  'accept-encoding' => 'gzip, deflate, br',
  'referer' => 'https://servicewechat.com/wxa3704686d395d189/devtools/page-frame.html',
  'accept' => '*/*',
  'content-type' => 'application/json',
  'user-agent' => 'Mozilla/5.0 (iPhone; CPU iPhone OS 11_0 like Mac OS X) AppleWebKit/604.1.38 (KHTML, like Gecko) Version/11.0 Mobile/15A372 Safari/604.1 wechatdevtools/1.02.1911180 MicroMessenger/7.0.4 Language/zh_CN webview/',
  'sec-fetch-site' => 'cross-site',
  'sec-fetch-user' => '?F',
  'sec-fetch-dest' => 'empty',
  'cache-control' => 'no-cache',
  'pragma' => 'no-cache',
  'connection' => 'keep-alive',
  'host' => 'dsn.shalage.top',
  'content-length' => '',
)
[ info ] [ PARAM ] array (
  'member_id' => '78',
)
[ info ] [ LANG ] /www/wwwroot/dsn.shalage.top/public/../application/api/lang/zh-cn.php
[ info ] [ BEHAVIOR ] Run app\common\behavior\Common @module_init [ RunTime:0.000808s ]
[ info ] [ RUN ] app\api\controller\personal->getInfo[ /www/wwwroot/dsn.shalage.top/application/api/controller/Personal.php ]
[ info ] [ DB ] INIT mysql
[ info ] [ LOG ] INIT File
---------------------------------------------------------------
[ 2021-03-26T20:08:52+08:00 ] 66.249.75.137 GET dsn.shalage.top/
[运行时间：0.021500s] [吞吐率：46.51req/s] [内存消耗：3,045.78kb] [文件加载：127]
[ info ] [ BEHAVIOR ] Run Closure @app_init [ RunTime:0.000011s ]
[ info ] [ CACHE ] INIT File
[ info ] [ BEHAVIOR ] Run \addons\epay\Epay @app_init [ RunTime:0.001635s ]
[ info ] [ BEHAVIOR ] Run Closure @app_init [ RunTime:0.001644s ]
[ info ] [ LANG ] /www/wwwroot/dsn.shalage.top/thinkphp/lang/zh-cn.php
[ info ] [ BEHAVIOR ] Run app\common\behavior\Common @app_dispatch [ RunTime:0.000127s ]
[ info ] [ ROUTE ] array (
  'type' => 'module',
  'module' => 
  array (
    0 => '',
    1 => NULL,
    2 => NULL,
  ),
)
[ info ] [ HEADER ] array (
  'accept-encoding' => 'gzip,deflate,br',
  'user-agent' => 'Mozilla/5.0 (Linux; Android 6.0.1; Nexus 5X Build/MMB29P) AppleWebKit/537.36 (KHTML, like Gecko) Chrome/89.0.4389.102 Mobile Safari/537.36 (compatible; Googlebot/2.1; +http://www.google.com/bot.html)',
  'from' => 'googlebot(at)googlebot.com',
  'accept' => 'text/html,application/xhtml+xml,application/signed-exchange;v=b3,application/xml;q=0.9,*/*;q=0.8',
  'connection' => 'keep-alive',
  'amp-cache-transform' => 'google;v="1..6"',
  'host' => 'dsn.shalage.top',
  'content-length' => '',
  'content-type' => '',
)
[ info ] [ PARAM ] array (
)
[ info ] [ LANG ] /www/wwwroot/dsn.shalage.top/public/../application/index/lang/zh-cn.php
[ info ] [ BEHAVIOR ] Run app\common\behavior\Common @module_init [ RunTime:0.000810s ]
[ info ] [ LANG ] /www/wwwroot/dsn.shalage.top/public/../application/index/lang/zh-cn/index.php
[ info ] [ RUN ] app\index\controller\Index->index[ /www/wwwroot/dsn.shalage.top/application/index/controller/Index.php ]
[ info ] [ VIEW ] /www/wwwroot/dsn.shalage.top/public/../application/index/view/index/index.html [ array (
  0 => 'user',
  1 => 'site',
  2 => 'config',
) ]
[ info ] [ LOG ] INIT File
---------------------------------------------------------------
[ 2021-03-26T22:44:39+08:00 ] 188.232.28.212 GET dsn.shalage.top/
[运行时间：0.021348s] [吞吐率：46.84req/s] [内存消耗：3,011.80kb] [文件加载：124]
[ info ] [ BEHAVIOR ] Run Closure @app_init [ RunTime:0.000012s ]
[ info ] [ CACHE ] INIT File
[ info ] [ BEHAVIOR ] Run \addons\epay\Epay @app_init [ RunTime:0.001518s ]
[ info ] [ BEHAVIOR ] Run Closure @app_init [ RunTime:0.001526s ]
[ info ] [ BEHAVIOR ] Run app\common\behavior\Common @app_dispatch [ RunTime:0.000129s ]
[ info ] [ ROUTE ] array (
  'type' => 'module',
  'module' => 
  array (
    0 => '',
    1 => NULL,
    2 => NULL,
  ),
)
[ info ] [ HEADER ] array (
  'accept-language' => 'en-US,en;q=0.9',
  'accept-encoding' => 'gzip, deflate, br',
  'referer' => 'https://yandex.ru/',
  'sec-fetch-dest' => 'document',
  'sec-fetch-user' => '?1',
  'sec-fetch-mode' => 'navigate',
  'sec-fetch-site' => 'none',
  'user-agent' => 'Mozilla/5.0 (Windows NT 10.0; Win64; x64) AppleWebKit/537.36 (KHTML, like Gecko) Chrome/88.0.4324.111 YaBrowser/21.2.1.107 Yowser/2.5 Safari/537.36',
  'upgrade-insecure-requests' => '1',
  'accept' => 'text/html,application/xhtml+xml,application/xml;q=0.9,image/webp,image/apng,*/*;q=0.8,application/signed-exchange;v=b3;q=0.9',
  'host' => 'dsn.shalage.top',
  'content-length' => '',
  'content-type' => '',
)
[ info ] [ PARAM ] array (
)
[ info ] [ BEHAVIOR ] Run app\common\behavior\Common @module_init [ RunTime:0.000816s ]
[ info ] [ RUN ] app\index\controller\Index->index[ /www/wwwroot/dsn.shalage.top/application/index/controller/Index.php ]
[ info ] [ VIEW ] /www/wwwroot/dsn.shalage.top/public/../application/index/view/index/index.html [ array (
  0 => 'user',
  1 => 'site',
  2 => 'config',
) ]
[ info ] [ LOG ] INIT File
